<?xml version="1.0" encoding="UTF-8"?>
<!-- Generated by org.testng.reporters.JUnitReportReporter -->
<testsuite skipped="0" hostname="Home" name="com.cucumber.TestRunner.TestRunner" tests="2" failures="0" timestamp="29 Oct 2020 05:19:15 GMT" time="88.800" errors="0">
  <testcase name="feature" time="61.180" classname="com.cucumber.TestRunner.TestRunner"/>
  <testcase name="feature" time="27.620" classname="com.cucumber.TestRunner.TestRunner"/>
</testsuite> <!-- com.cucumber.TestRunner.TestRunner -->
